0 info it worked if it ends with ok
1 verbose cli [ 'D:\\Program Files\\nodejs\\node.exe',
1 verbose cli   'C:\\Users\\Administrator\\AppData\\Roaming\\npm\\node_modules\\npm\\bin\\npm-cli.js',
1 verbose cli   'run',
1 verbose cli   'test' ]
2 info using npm@3.9.0
3 info using node@v4.4.4
4 verbose run-script [ 'pretest', 'test', 'posttest' ]
5 info lifecycle qiniu-uptoken-generator@0.0.1~pretest: qiniu-uptoken-generator@0.0.1
6 silly lifecycle qiniu-uptoken-generator@0.0.1~pretest: no script for pretest, continuing
7 info lifecycle qiniu-uptoken-generator@0.0.1~test: qiniu-uptoken-generator@0.0.1
8 verbose lifecycle qiniu-uptoken-generator@0.0.1~test: unsafe-perm in lifecycle true
9 verbose lifecycle qiniu-uptoken-generator@0.0.1~test: PATH: C:\Users\Administrator\AppData\Roaming\npm\node_modules\npm\bin\node-gyp-bin;C:\Users\Administrator\Documents\GitHub\qiniu-uptoken-generator\node_modules\.bin;D:\Program Files\nodejs;C:\Users\Administrator\AppData\Local\GitHub\PortableGit_25d850739bc178b2eb13c3e2a9faafea2f9143c0\cmd;C:\Users\Administrator\AppData\Local\GitHub\PortableGit_25d850739bc178b2eb13c3e2a9faafea2f9143c0\usr\bin;C:\Users\Administrator\AppData\Local\GitHub\PortableGit_25d850739bc178b2eb13c3e2a9faafea2f9143c0\usr\share\git-tfs;C:\Users\Administrator\AppData\Local\Apps\2.0\7750WRZ7.2V5\NHQ77COW.Y7L\gith..tion_317444273a93ac29_0003.0000_c74cce3a838f9354;C:\Users\Administrator\AppData\Local\GitHub\lfs-amd64_1.1.0;C:\Windows\Microsoft.NET\Framework\v4.0.30319;C:\ProgramData\Oracle\Java\javapath;C:\Program Files (x86)\Common Files\NetSarang;C:\Program Files (x86)\Intel\iCLS Client\;C:\Program Files\Intel\iCLS Client\;C:\Windows\system32;C:\Windows;C:\Windows\System32\Wbem;C:\Windows\System32\WindowsPowerShell\v1.0\;C:\Program Files\Intel\Intel(R) Management Engine Components\DAL;C:\Program Files\Intel\Intel(R) Management Engine Components\IPT;C:\Program Files (x86)\Intel\Intel(R) Management Engine Components\DAL;C:\Program Files (x86)\Intel\Intel(R) Management Engine Components\IPT;D:\Program Files\TortoiseSVN\bin;D:\Program Files\SlikSvn\bin;D:\Program Files\nodejs\;D:\Program Files (x86)\Yarn\bin;C:\Users\Administrator\AppData\Roaming\npm;C:\Users\Administrator\AppData\Local\atom\bin
10 verbose lifecycle qiniu-uptoken-generator@0.0.1~test: CWD: C:\Users\Administrator\Documents\GitHub\qiniu-uptoken-generator
11 silly lifecycle qiniu-uptoken-generator@0.0.1~test: Args: [ '/d /s /c', 'mocha ./test/index.js' ]
12 silly lifecycle qiniu-uptoken-generator@0.0.1~test: Returned: code: 2  signal: null
13 info lifecycle qiniu-uptoken-generator@0.0.1~test: Failed to exec test script
14 verbose stack Error: qiniu-uptoken-generator@0.0.1 test: `mocha ./test/index.js`
14 verbose stack Exit status 2
14 verbose stack     at EventEmitter.<anonymous> (C:\Users\Administrator\AppData\Roaming\npm\node_modules\npm\lib\utils\lifecycle.js:245:16)
14 verbose stack     at emitTwo (events.js:87:13)
14 verbose stack     at EventEmitter.emit (events.js:172:7)
14 verbose stack     at ChildProcess.<anonymous> (C:\Users\Administrator\AppData\Roaming\npm\node_modules\npm\lib\utils\spawn.js:24:14)
14 verbose stack     at emitTwo (events.js:87:13)
14 verbose stack     at ChildProcess.emit (events.js:172:7)
14 verbose stack     at maybeClose (internal/child_process.js:827:16)
14 verbose stack     at Process.ChildProcess._handle.onexit (internal/child_process.js:211:5)
15 verbose pkgid qiniu-uptoken-generator@0.0.1
16 verbose cwd C:\Users\Administrator\Documents\GitHub\qiniu-uptoken-generator
17 error Windows_NT 6.1.7601
18 error argv "D:\\Program Files\\nodejs\\node.exe" "C:\\Users\\Administrator\\AppData\\Roaming\\npm\\node_modules\\npm\\bin\\npm-cli.js" "run" "test"
19 error node v4.4.4
20 error npm  v3.9.0
21 error code ELIFECYCLE
22 error qiniu-uptoken-generator@0.0.1 test: `mocha ./test/index.js`
22 error Exit status 2
23 error Failed at the qiniu-uptoken-generator@0.0.1 test script 'mocha ./test/index.js'.
23 error Make sure you have the latest version of node.js and npm installed.
23 error If you do, this is most likely a problem with the qiniu-uptoken-generator package,
23 error not with npm itself.
23 error Tell the author that this fails on your system:
23 error     mocha ./test/index.js
23 error You can get information on how to open an issue for this project with:
23 error     npm bugs qiniu-uptoken-generator
23 error Or if that isn't available, you can get their info via:
23 error     npm owner ls qiniu-uptoken-generator
23 error There is likely additional logging output above.
24 verbose exit [ 1, true ]
